[17:04:51] [main/INFO]: Loaded 0 recipes
[17:04:51] [Server thread/INFO]: Starting minecraft server version 1.13.2
[17:04:51] [Server thread/INFO]: Loading properties
[17:04:51] [Server thread/INFO]: Default game type: SURVIVAL
[17:04:51] [Server thread/INFO]: Generating keypair
[17:04:51] [Server thread/INFO]: Starting Minecraft server on *:25565
[17:04:51] [Server thread/INFO]: Using default channel type
[17:04:52] [Server thread/INFO]: This server is running CraftBukkit version git-Bukkit-a4c555b (MC: 1.13.2) (Implementing API version 1.13.2-R0.1-SNAPSHOT)
[17:04:55] [Server thread/INFO]: [LoopCommands] Loading LoopCommands v1.6.1
[17:04:55] [Server thread/INFO]: [PluginConstructorAPI] Loading PluginConstructorAPI v1.0.50
[17:04:55] [Server thread/WARN]: **** SERVER IS RUNNING IN OFFLINE/INSECURE MODE!
[17:04:55] [Server thread/WARN]: The server will make no attempt to authenticate usernames. Beware.
[17:04:55] [Server thread/WARN]: While this makes the game possible to play without internet access, it also opens up the ability for hackers to connect with any username they choose.
[17:04:55] [Server thread/WARN]: To change this, set "online-mode" to "true" in the server.properties file.
[17:04:55] [Server thread/INFO]: Preparing level "world"
[17:04:55] [Server thread/INFO]: Reloading ResourceManager: Default, bukkit
[17:04:56] [Server thread/INFO]: Loaded 524 recipes
[17:04:57] [Server thread/INFO]: Preparing start region for level minecraft:the_end (Seed: -692263376159001332)
[17:04:57] [Server thread/INFO]: Preparing spawn area: 4%
[17:04:57] [Server thread/INFO]: Preparing spawn area: 8%
[17:04:57] [Server thread/INFO]: Preparing spawn area: 12%
[17:04:57] [Server thread/INFO]: Preparing spawn area: 16%
[17:04:57] [Server thread/INFO]: Preparing spawn area: 20%
[17:04:57] [Server thread/INFO]: Preparing spawn area: 24%
[17:04:57] [Server thread/INFO]: Preparing spawn area: 28%
[17:04:57] [Server thread/INFO]: Preparing spawn area: 32%
[17:04:57] [Server thread/INFO]: Preparing spawn area: 36%
[17:04:57] [Server thread/INFO]: Preparing spawn area: 40%
[17:04:57] [Server thread/INFO]: Preparing spawn area: 44%
[17:04:57] [Server thread/INFO]: Preparing spawn area: 48%
[17:04:57] [Server thread/INFO]: Preparing spawn area: 52%
[17:04:57] [Server thread/INFO]: Preparing spawn area: 56%
[17:04:57] [Server thread/INFO]: Preparing spawn area: 60%
[17:04:57] [Server thread/INFO]: Preparing spawn area: 64%
[17:04:57] [Server thread/INFO]: Preparing spawn area: 68%
[17:04:57] [Server thread/INFO]: Preparing spawn area: 72%
[17:04:57] [Server thread/INFO]: Preparing spawn area: 76%
[17:04:57] [Server thread/INFO]: Preparing spawn area: 80%
[17:04:57] [Server thread/INFO]: Preparing spawn area: 84%
[17:04:57] [Server thread/INFO]: Preparing spawn area: 88%
[17:04:57] [Server thread/INFO]: Preparing spawn area: 92%
[17:04:57] [Server thread/INFO]: Preparing spawn area: 96%
[17:04:57] [Server thread/INFO]: Preparing spawn area: 100%
[17:04:57] [Server thread/INFO]: Preparing start region for level minecraft:the_nether (Seed: -692263376159001332)
[17:04:57] [Server thread/INFO]: Preparing spawn area: 4%
[17:04:57] [Server thread/INFO]: Preparing spawn area: 8%
[17:04:57] [Server thread/INFO]: Preparing spawn area: 12%
[17:04:57] [Server thread/INFO]: Preparing spawn area: 16%
[17:04:57] [Server thread/INFO]: Preparing spawn area: 20%
[17:04:57] [Server thread/INFO]: Preparing spawn area: 24%
[17:04:57] [Server thread/INFO]: Preparing spawn area: 28%
[17:04:58] [Server thread/INFO]: Preparing spawn area: 32%
[17:04:58] [Server thread/INFO]: Preparing spawn area: 36%
[17:04:58] [Server thread/INFO]: Preparing spawn area: 40%
[17:04:58] [Server thread/INFO]: Preparing spawn area: 44%
[17:04:58] [Server thread/INFO]: Preparing spawn area: 48%
[17:04:58] [Server thread/INFO]: Preparing spawn area: 52%
[17:04:58] [Server thread/INFO]: Preparing spawn area: 56%
[17:04:58] [Server thread/INFO]: Preparing spawn area: 60%
[17:04:58] [Server thread/INFO]: Preparing spawn area: 64%
[17:04:58] [Server thread/INFO]: Preparing spawn area: 68%
[17:04:58] [Server thread/INFO]: Preparing spawn area: 72%
[17:04:58] [Server thread/INFO]: Preparing spawn area: 76%
[17:04:58] [Server thread/INFO]: Preparing spawn area: 80%
[17:04:58] [Server thread/INFO]: Preparing spawn area: 84%
[17:04:58] [Server thread/INFO]: Preparing spawn area: 88%
[17:04:59] [Server thread/INFO]: Preparing spawn area: 92%
[17:04:59] [Server thread/INFO]: Preparing spawn area: 96%
[17:04:59] [Server thread/INFO]: Preparing spawn area: 100%
[17:04:59] [Server thread/INFO]: Preparing start region for level minecraft:overworld (Seed: -692263376159001332)
[17:04:59] [Server thread/INFO]: Preparing spawn area: 4%
[17:04:59] [Server thread/INFO]: Preparing spawn area: 8%
[17:04:59] [Server thread/INFO]: Preparing spawn area: 12%
[17:04:59] [Server thread/INFO]: Preparing spawn area: 16%
[17:04:59] [Server thread/INFO]: Preparing spawn area: 20%
[17:04:59] [Server thread/INFO]: Preparing spawn area: 24%
[17:04:59] [Server thread/INFO]: Preparing spawn area: 28%
[17:04:59] [Server thread/INFO]: Preparing spawn area: 32%
[17:04:59] [Server thread/INFO]: Preparing spawn area: 36%
[17:04:59] [Server thread/INFO]: Preparing spawn area: 40%
[17:04:59] [Server thread/INFO]: Preparing spawn area: 44%
[17:04:59] [Server thread/INFO]: Preparing spawn area: 48%
[17:04:59] [Server thread/INFO]: Preparing spawn area: 52%
[17:04:59] [Server thread/INFO]: Preparing spawn area: 56%
[17:04:59] [Server thread/INFO]: Preparing spawn area: 60%
[17:04:59] [Server thread/INFO]: Preparing spawn area: 64%
[17:04:59] [Server thread/INFO]: Preparing spawn area: 68%
[17:05:00] [Server thread/INFO]: Preparing spawn area: 72%
[17:05:00] [Server thread/INFO]: Preparing spawn area: 76%
[17:05:00] [Server thread/INFO]: Preparing spawn area: 80%
[17:05:00] [Server thread/INFO]: Preparing spawn area: 84%
[17:05:00] [Server thread/INFO]: Preparing spawn area: 88%
[17:05:00] [Server thread/INFO]: Preparing spawn area: 92%
[17:05:00] [Server thread/INFO]: Preparing spawn area: 96%
[17:05:00] [Server thread/INFO]: Preparing spawn area: 100%
[17:05:00] [Server thread/INFO]: Time elapsed: 3131 ms
[17:05:00] [Server thread/INFO]: [LoopCommands] Enabling LoopCommands v1.6.1
[17:05:01] [Server thread/INFO]: [PluginConstructorAPI] Enabling PluginConstructorAPI v1.0.50
[17:05:01] [Server thread/WARN]: Server permissions file permissions.yml is not valid YAML.
java.lang.ClassCastException: java.lang.String cannot be cast to java.util.Map
	at org.bukkit.craftbukkit.v1_13_R2.CraftServer.loadCustomPermissions(CraftServer.java:823) [craftbukkit-1.13.2.jar:git-Bukkit-a4c555b]
	at org.bukkit.craftbukkit.v1_13_R2.CraftServer.enablePlugins(CraftServer.java:355) [craftbukkit-1.13.2.jar:git-Bukkit-a4c555b]
	at net.minecraft.server.v1_13_R2.MinecraftServer.l(MinecraftServer.java:575) [craftbukkit-1.13.2.jar:git-Bukkit-a4c555b]
	at net.minecraft.server.v1_13_R2.MinecraftServer.a(MinecraftServer.java:537) [craftbukkit-1.13.2.jar:git-Bukkit-a4c555b]
	at net.minecraft.server.v1_13_R2.MinecraftServer.a(MinecraftServer.java:415) [craftbukkit-1.13.2.jar:git-Bukkit-a4c555b]
	at net.minecraft.server.v1_13_R2.DedicatedServer.init(DedicatedServer.java:270) [craftbukkit-1.13.2.jar:git-Bukkit-a4c555b]
	at net.minecraft.server.v1_13_R2.MinecraftServer.run(MinecraftServer.java:680) [craftbukkit-1.13.2.jar:git-Bukkit-a4c555b]
	at java.lang.Thread.run(Unknown Source) [?:1.8.0_191]
[17:05:01] [Server thread/INFO]: Done (6.169s)! For help, type "help"
[17:07:01] [Server thread/INFO]: BOI[/25.37.59.166:50868] logged in with entity id 80 at ([world]207.08695392091278, 72.0, -36.322778196791)
[17:07:01] [Server thread/WARN]: Can't keep up! Is the server overloaded? Running 2336ms or 46 ticks behind
[17:07:12] [Server thread/WARN]: BOI moved too quickly! -1.0007627134027075,0.0,10.662634795703788
[17:07:20] [Server thread/WARN]: Can't keep up! Is the server overloaded? Running 3600ms or 72 ticks behind
[17:10:48] [Server thread/WARN]: Can't keep up! Is the server overloaded? Running 2405ms or 48 ticks behind
[17:18:15] [Server thread/INFO]: BOI has made the advancement [Take Aim]
[17:18:22] [Server thread/INFO]: BOI has completed the challenge [Sniper Duel]
[18:20:10] [Server thread/INFO]: BOI has made the advancement [Fishy Business]
[18:20:51] [Server thread/INFO]: BOI has made the advancement [The Parrots and the Bats]
[18:52:26] [Server thread/INFO]: fmesztro[/25.47.185.224:43522] logged in with entity id 147944 at ([world]228.68299378802354, 64.0, -30.55007492091512)
[18:52:52] [Server thread/INFO]: fmesztro lost connection: Timed out
[18:52:52] [Server thread/INFO]: fmesztro left the game
[19:00:34] [Server thread/WARN]: Can't keep up! Is the server overloaded? Running 2200ms or 44 ticks behind
[19:00:55] [Server thread/WARN]: BOI moved wrongly!
[19:01:17] [Server thread/WARN]: Can't keep up! Is the server overloaded? Running 2071ms or 41 ticks behind
[19:04:16] [Server thread/WARN]: Can't keep up! Is the server overloaded? Running 2592ms or 51 ticks behind
[19:05:33] [Server thread/WARN]: Can't keep up! Is the server overloaded? Running 2429ms or 48 ticks behind
[19:06:31] [Server thread/WARN]: Can't keep up! Is the server overloaded? Running 2133ms or 42 ticks behind
[19:07:23] [Server thread/WARN]: Can't keep up! Is the server overloaded? Running 2171ms or 43 ticks behind
[19:12:11] [Server thread/INFO]: BOI lost connection: Disconnected
[19:12:12] [Server thread/INFO]: BOI left the game
[19:12:25] [Server thread/INFO]: BOI[/25.37.59.166:51613] logged in with entity id 182511 at ([world]90.53465856637716, 64.0, 80.16181189643457)
[19:12:40] [Server thread/WARN]: Can't keep up! Is the server overloaded? Running 2025ms or 40 ticks behind
[19:26:29] [Server thread/INFO]: BOI lost connection: Disconnected
[19:26:29] [Server thread/INFO]: BOI left the game
[19:26:38] [Server thread/INFO]: Stopping the server
[19:26:38] [Server thread/INFO]: Stopping server
[19:26:38] [Server thread/INFO]: [PluginConstructorAPI] Disabling PluginConstructorAPI v1.0.50
[19:26:38] [Server thread/INFO]: [LoopCommands] Disabling LoopCommands v1.6.1
[19:26:38] [Server thread/INFO]: Saving players
[19:26:38] [Server thread/INFO]: Saving worlds
[19:26:38] [Server thread/INFO]: Saving chunks for level 'world_the_end'/minecraft:the_end
[19:26:38] [Server thread/INFO]: Saving chunks for level 'world_nether'/minecraft:the_nether
[19:26:38] [Server thread/INFO]: Saving chunks for level 'world'/minecraft:overworld
